c:\users\steve\onedrive\owncloud\_prog71985\prog71985f21\week11.tues\week09.all.starting\theclassroom\x64\debug\vc142.pdb
c:\users\steve\onedrive\owncloud\_prog71985\prog71985f21\week11.tues\week09.all.starting\theclassroom\x64\debug\vc142.idb
c:\users\steve\onedrive\owncloud\_prog71985\prog71985f21\week11.tues\week09.all.starting\theclassroom\x64\debug\student.obj
c:\users\steve\onedrive\owncloud\_prog71985\prog71985f21\week11.tues\week09.all.starting\theclassroom\x64\debug\source.obj
c:\users\steve\onedrive\owncloud\_prog71985\prog71985f21\week11.tues\week09.all.starting\theclassroom\x64\debug\professor.obj
c:\users\steve\onedrive\owncloud\_prog71985\prog71985f21\week11.tues\week09.all.starting\theclassroom\x64\debug\participant.obj
c:\users\steve\onedrive\owncloud\_prog71985\prog71985f21\week11.tues\week09.all.starting\theclassroom\x64\debug\listadt.obj
c:\users\steve\onedrive\owncloud\_prog71985\prog71985f21\week11.tues\week09.all.starting\theclassroom\x64\debug\cleaninput.obj
c:\users\steve\onedrive\owncloud\_prog71985\prog71985f21\week11.tues\week09.all.starting\theclassroom\x64\debug\classroom.obj
c:\users\steve\onedrive\owncloud\_prog71985\prog71985f21\week11.fri\theclassroom\x64\debug\classroom.obj
c:\users\steve\onedrive\owncloud\_prog71985\prog71985f21\week11.fri\theclassroom\x64\debug\cleaninput.obj
c:\users\steve\onedrive\owncloud\_prog71985\prog71985f21\week11.fri\theclassroom\x64\debug\listadt.obj
c:\users\steve\onedrive\owncloud\_prog71985\prog71985f21\week11.fri\theclassroom\x64\debug\participant.obj
c:\users\steve\onedrive\owncloud\_prog71985\prog71985f21\week11.fri\theclassroom\x64\debug\professor.obj
c:\users\steve\onedrive\owncloud\_prog71985\prog71985f21\week11.fri\theclassroom\x64\debug\source.obj
c:\users\steve\onedrive\owncloud\_prog71985\prog71985f21\week11.fri\theclassroom\x64\debug\student.obj
c:\users\steve\onedrive\owncloud\_prog71985\prog71985f21\week11.fri\theclassroom\x64\debug\vc142.idb
c:\users\steve\onedrive\owncloud\_prog71985\prog71985f21\week11.fri\theclassroom\x64\debug\vc142.pdb
c:\users\steve\onedrive\owncloud\_prog71985\prog71985f21\week11.fri\theclassroom\x64\debug\theclassroom.tlog\cl.command.1.tlog
c:\users\steve\onedrive\owncloud\_prog71985\prog71985f21\week11.fri\theclassroom\x64\debug\theclassroom.tlog\cl.read.1.tlog
c:\users\steve\onedrive\owncloud\_prog71985\prog71985f21\week11.fri\theclassroom\x64\debug\theclassroom.tlog\cl.write.1.tlog
